[0.011s] Invoking command in '/home/tatenami/ros2/ws/pad/build/gamepad': CMAKE_PREFIX_PATH=/home/tatenami/ros2/ws/pad/install/pad_msg:/home/tatenami/ros2/ws/pad/src/pad_msg/install/pad_msg:/home/tatenami/ros2/ws/pad/src/gamepad/install/gamepad:/home/tatenami/ros2/ws/pad/install/test_launch:/home/tatenami/ros2/ws/pad/install/gamepad:/opt/ros/jazzy/opt/gz_math_vendor:/opt/ros/jazzy/opt/gz_utils_vendor:/opt/ros/jazzy/opt/gz_cmake_vendor:/opt/ros/jazzy DEBUGINFOD_URLS=https://debuginfod.ubuntu.com LD_LIBRARY_PATH=/home/tatenami/ros2/ws/pad/install/pad_msg/lib:/home/tatenami/ros2/ws/pad/src/pad_msg/install/pad_msg/lib:/opt/ros/jazzy/opt/rviz_ogre_vendor/lib:/opt/ros/jazzy/lib/x86_64-linux-gnu:/opt/ros/jazzy/opt/gz_math_vendor/lib:/opt/ros/jazzy/opt/gz_utils_vendor/lib:/opt/ros/jazzy/opt/gz_cmake_vendor/lib:/opt/ros/jazzy/lib PYTHONPATH=/home/tatenami/ros2/ws/pad/install/pad_msg/lib/python3.12/site-packages:/home/tatenami/ros2/ws/pad/src/pad_msg/install/pad_msg/lib/python3.12/site-packages:/opt/ros/jazzy/lib/python3.12/site-packages /opt/st/stm32cubeclt_1.16.0/CMake/bin/cmake --build /home/tatenami/ros2/ws/pad/build/gamepad -- -j4 -l4
[0.041s] gmake[2]: *** 'subscriber' に必要なターゲット '/opt/ros/jazzy/lib/libfastcdr.so.2.2.4' を make するルールがありません.  中止.
[0.042s] gmake[2]: *** 'publisher' に必要なターゲット '/opt/ros/jazzy/lib/libfastcdr.so.2.2.4' を make するルールがありません.  中止.
[0.042s] gmake[1]: *** [CMakeFiles/Makefile2:167: CMakeFiles/subscriber.dir/all] エラー 2
[0.042s] gmake[1]: *** 未完了のジョブを待っています....
[0.042s] gmake[1]: *** [CMakeFiles/Makefile2:141: CMakeFiles/publisher.dir/all] エラー 2
[0.044s] gmake[2]: *** 'subscriber2' に必要なターゲット '/opt/ros/jazzy/lib/libfastcdr.so.2.2.4' を make するルールがありません.  中止.
[0.045s] gmake[1]: *** [CMakeFiles/Makefile2:193: CMakeFiles/subscriber2.dir/all] エラー 2
[0.045s] gmake: *** [Makefile:146: all] エラー 2
[0.050s] Invoked command in '/home/tatenami/ros2/ws/pad/build/gamepad' returned '2': CMAKE_PREFIX_PATH=/home/tatenami/ros2/ws/pad/install/pad_msg:/home/tatenami/ros2/ws/pad/src/pad_msg/install/pad_msg:/home/tatenami/ros2/ws/pad/src/gamepad/install/gamepad:/home/tatenami/ros2/ws/pad/install/test_launch:/home/tatenami/ros2/ws/pad/install/gamepad:/opt/ros/jazzy/opt/gz_math_vendor:/opt/ros/jazzy/opt/gz_utils_vendor:/opt/ros/jazzy/opt/gz_cmake_vendor:/opt/ros/jazzy DEBUGINFOD_URLS=https://debuginfod.ubuntu.com LD_LIBRARY_PATH=/home/tatenami/ros2/ws/pad/install/pad_msg/lib:/home/tatenami/ros2/ws/pad/src/pad_msg/install/pad_msg/lib:/opt/ros/jazzy/opt/rviz_ogre_vendor/lib:/opt/ros/jazzy/lib/x86_64-linux-gnu:/opt/ros/jazzy/opt/gz_math_vendor/lib:/opt/ros/jazzy/opt/gz_utils_vendor/lib:/opt/ros/jazzy/opt/gz_cmake_vendor/lib:/opt/ros/jazzy/lib PYTHONPATH=/home/tatenami/ros2/ws/pad/install/pad_msg/lib/python3.12/site-packages:/home/tatenami/ros2/ws/pad/src/pad_msg/install/pad_msg/lib/python3.12/site-packages:/opt/ros/jazzy/lib/python3.12/site-packages /opt/st/stm32cubeclt_1.16.0/CMake/bin/cmake --build /home/tatenami/ros2/ws/pad/build/gamepad -- -j4 -l4
